\BOOKMARK [0][-]{section*.1}{\376\377\000T\000A\000B\000L\000E\000\040\000O\000F\000\040\000C\000O\000N\000T\000E\000N\000T\000S}{}% 1
\BOOKMARK [0][-]{section*.3}{\376\377\000L\000I\000S\000T\000\040\000O\000F\000\040\000F\000I\000G\000U\000R\000E\000S}{}% 2
\BOOKMARK [0][-]{chapter.1}{\376\377\000W\000e\000b\000\040\000A\000p\000p\000l\000i\000c\000a\000t\000i\000o\000n}{}% 3
\BOOKMARK [1][-]{section.1.1}{\376\377\000F\000r\000o\000n\000t\000e\000n\000d\000\040\000a\000c\000c\000e\000s\000s\000i\000b\000l\000e\000\040\000v\000i\000a\000\040\000t\000h\000e\000\040\000C\000l\000o\000u\000d\000F\000r\000o\000n\000t\000\040\000U\000R\000L}{chapter.1}% 4
\BOOKMARK [1][-]{section.1.2}{\376\377\000B\000a\000c\000k\000e\000n\000d\000\040\000A\000P\000I}{chapter.1}% 5
\BOOKMARK [2][-]{subsection.1.2.1}{\376\377\000A\000P\000I\000\040\000G\000E\000T\000\040\000/\000t\000a\000s\000k\000s\000\040\000t\000e\000s\000t\000i\000n\000g\000\040\000w\000i\000t\000h\000\040\000P\000o\000s\000t\000m\000a\000n}{section.1.2}% 6
\BOOKMARK [2][-]{subsection.1.2.2}{\376\377\000A\000P\000I\000\040\000P\000O\000S\000T\000\040\000/\000t\000a\000s\000k\000s\000\040\000t\000e\000s\000t\000i\000n\000g\000\040\000w\000i\000t\000h\000\040\000P\000o\000s\000t\000m\000a\000n}{section.1.2}% 7
\BOOKMARK [2][-]{subsection.1.2.3}{\376\377\000A\000P\000I\000\040\000P\000U\000T\000\040\000/\000t\000a\000s\000k\000s\000/\000i\000d\000\040\000t\000e\000s\000t\000i\000n\000g\000\040\000w\000i\000t\000h\000\040\000P\000o\000s\000t\000m\000a\000n}{section.1.2}% 8
\BOOKMARK [2][-]{subsection.1.2.4}{\376\377\000A\000P\000I\000\040\000D\000E\000L\000E\000T\000E\000\040\000/\000t\000a\000s\000k\000s\000/\000i\000d\000\040\000t\000e\000s\000t\000i\000n\000g\000\040\000w\000i\000t\000h\000\040\000P\000o\000s\000t\000m\000a\000n}{section.1.2}% 9
\BOOKMARK [1][-]{section.1.3}{\376\377\000D\000a\000t\000a\000b\000a\000s\000e\000\040\000I\000t\000e\000m}{chapter.1}% 10
\BOOKMARK [0][-]{chapter.2}{\376\377\000A\000r\000c\000h\000i\000t\000e\000c\000t\000u\000r\000e\000\040\000D\000i\000a\000g\000r\000a\000m}{}% 11
\BOOKMARK [1][-]{section.2.1}{\376\377\000A\000r\000c\000h\000i\000t\000e\000c\000t\000u\000r\000e\000\040\000D\000i\000a\000g\000r\000a\000m}{chapter.2}% 12
\BOOKMARK [0][-]{chapter.3}{\376\377\000S\000e\000c\000u\000r\000i\000t\000y\000\040\000E\000v\000i\000d\000e\000n\000c\000e\000\040\000P\000a\000c\000k\000a\000g\000e}{}% 13
\BOOKMARK [1][-]{section.3.1}{\376\377\000F\000r\000o\000n\000t\000e\000n\000d\000\040\000S\000e\000c\000u\000r\000i\000t\000y\000\040\000E\000v\000i\000d\000e\000n\000c\000e}{chapter.3}% 14
\BOOKMARK [2][-]{subsection.3.1.1}{\376\377\000S\000E\000-\0001\000:\000\040\000S\0003\000\040\000B\000l\000o\000c\000k\000\040\000P\000u\000b\000l\000i\000c\000\040\000A\000c\000c\000e\000s\000s\000\040\000e\000n\000a\000b\000l\000e\000d}{section.3.1}% 15
\BOOKMARK [2][-]{subsection.3.1.2}{\376\377\000S\000E\000-\0002\000:\000\040\000D\000i\000r\000e\000c\000t\000\040\000S\0003\000\040\000a\000c\000c\000e\000s\000s\000\040\000r\000e\000j\000e\000c\000t\000e\000d}{section.3.1}% 16
\BOOKMARK [2][-]{subsection.3.1.3}{\376\377\000S\000E\000-\0003\000:\000\040\000C\000l\000o\000u\000d\000F\000r\000o\000n\000t\000\040\000a\000c\000c\000e\000s\000s\000\040\000s\000u\000c\000c\000e\000e\000d\000s}{section.3.1}% 17
\BOOKMARK [2][-]{subsection.3.1.4}{\376\377\000S\000E\000-\0004\000:\000\040\000O\000A\000C\000\040\000a\000t\000t\000a\000c\000h\000e\000d\000\040\000t\000o\000\040\000C\000l\000o\000u\000d\000F\000r\000o\000n\000t}{section.3.1}% 18
\BOOKMARK [1][-]{section.3.2}{\376\377\000N\000e\000t\000w\000o\000r\000k\000\040\000E\000v\000i\000d\000e\000n\000c\000e}{chapter.3}% 19
\BOOKMARK [2][-]{subsection.3.2.1}{\376\377\000N\000E\000-\0001\000:\000\040\000V\000P\000C\000\040\000E\000n\000d\000p\000o\000i\000n\000t\000\040\000c\000r\000e\000a\000t\000e\000d\000\040\000f\000o\000r\000\040\000D\000y\000n\000a\000m\000o\000D\000B}{section.3.2}% 20
\BOOKMARK [2][-]{subsection.3.2.2}{\376\377\000N\000E\000-\0002\000:\000\040\000L\000a\000m\000b\000d\000a\000\040\000h\000a\000s\000\040\000V\000p\000c\000C\000o\000n\000f\000i\000g}{section.3.2}% 21
\BOOKMARK [2][-]{subsection.3.2.3}{\376\377\000N\000E\000-\0003\000:\000\040\000R\000o\000u\000t\000e\000\040\000t\000a\000b\000l\000e\000\040\000h\000a\000s\000\040\000E\000n\000d\000p\000o\000i\000n\000t\000\040\000r\000o\000u\000t\000e}{section.3.2}% 22
\BOOKMARK [2][-]{subsection.3.2.4}{\376\377\000N\000E\000-\0004\000:\000\040\000N\000o\000\040\000N\000A\000T\000\040\000G\000a\000t\000e\000w\000a\000y\000\040\000e\000x\000i\000s\000t\000s}{section.3.2}% 23
\BOOKMARK [2][-]{subsection.3.2.5}{\376\377\000N\000E\000-\0005\000:\000\040\000L\000a\000m\000b\000d\000a\000\040\000s\000u\000c\000c\000e\000s\000s\000f\000u\000l\000l\000y\000\040\000c\000a\000l\000l\000s\000\040\000D\000y\000n\000a\000m\000o\000D\000B}{section.3.2}% 24
\BOOKMARK [1][-]{section.3.3}{\376\377\000I\000A\000M\000\040\000e\000v\000i\000d\000e\000n\000c\000e}{chapter.3}% 25
\BOOKMARK [2][-]{subsection.3.3.1}{\376\377\000I\000M\000-\0001\000:\000\040\000T\000w\000o\000\040\000s\000e\000p\000a\000r\000a\000t\000e\000\040\000I\000A\000M\000\040\000R\000o\000l\000e\000s}{section.3.3}% 26
\BOOKMARK [2][-]{subsection.3.3.2}{\376\377\000I\000M\000-\0002\000:\000\040\000P\000o\000l\000i\000c\000y\000\040\000s\000p\000e\000c\000i\000f\000i\000e\000s\000\040\000e\000x\000a\000c\000t\000\040\000r\000e\000s\000o\000u\000r\000c\000e\000\040\000A\000R\000N}{section.3.3}% 27
\BOOKMARK [2][-]{subsection.3.3.3}{\376\377\000I\000M\000-\0003\000:\000\040\000L\000a\000m\000b\000d\000a\000\040\000a\000t\000t\000a\000c\000h\000e\000d\000\040\000t\000o\000\040\000t\000h\000e\000\040\000c\000o\000r\000r\000e\000c\000t\000\040\000R\000o\000l\000e}{section.3.3}% 28
\BOOKMARK [1][-]{section.3.4}{\376\377\000L\000o\000g\000\040\000e\000v\000i\000d\000e\000n\000c\000e}{chapter.3}% 29
\BOOKMARK [2][-]{subsection.3.4.1}{\376\377\000S\000u\000c\000c\000e\000s\000s\000f\000u\000l\000\040\000r\000e\000q\000u\000e\000s\000t}{section.3.4}% 30
\BOOKMARK [2][-]{subsection.3.4.2}{\376\377\000E\000r\000r\000o\000r\000\040\000r\000e\000q\000u\000e\000s\000t}{section.3.4}% 31
\BOOKMARK [0][-]{chapter.4}{\376\377\000M\000o\000n\000i\000t\000o\000r\000i\000n\000g\000\040\000D\000a\000s\000h\000b\000o\000a\000r\000d}{}% 32
\BOOKMARK [1][-]{section.4.1}{\376\377\000C\000l\000o\000u\000d\000W\000a\000t\000c\000h\000\040\000D\000a\000s\000h\000b\000o\000a\000r\000d}{chapter.4}% 33
\BOOKMARK [1][-]{section.4.2}{\376\377\000A\000l\000a\000r\000m}{chapter.4}% 34
\BOOKMARK [1][-]{section.4.3}{\376\377\000A\000W\000S\000\040\000B\000u\000d\000g\000e\000t\000\040\000c\000o\000n\000f\000i\000g\000u\000r\000a\000t\000i\000o\000n\000\040\000p\000a\000g\000e}{chapter.4}% 35
\BOOKMARK [0][-]{chapter.5}{\376\377\000C\000o\000s\000t\000\040\000R\000e\000p\000o\000r\000t}{}% 36
\BOOKMARK [1][-]{section.5.1}{\376\377\000A\000W\000S\000\040\000C\000o\000s\000t\000\040\000E\000x\000p\000l\000o\000r\000e\000r\000/\000B\000i\000l\000l\000i\000n\000g\000\040\000D\000a\000s\000h\000b\000o\000a\000r\000d}{chapter.5}% 37
\BOOKMARK [0][-]{chapter.6}{\376\377\000D\000o\000c\000u\000m\000e\000n\000t\000a\000t\000i\000o\000n}{}% 38
\BOOKMARK [1][-]{section.6.1}{\376\377\000R\000e\000q\000u\000e\000s\000t\000\040\000F\000l\000o\000w}{chapter.6}% 39
\BOOKMARK [2][-]{subsection.6.1.1}{\376\377\000G\000E\000T\000\040\000/\000t\000a\000s\000k\000s}{section.6.1}% 40
\BOOKMARK [2][-]{subsection.6.1.2}{\376\377\000P\000O\000S\000T\000\040\000/\000t\000a\000s\000k\000s}{section.6.1}% 41
\BOOKMARK [2][-]{subsection.6.1.3}{\376\377\000P\000U\000T\000\040\000/\000t\000a\000s\000k\000s\000/\000i\000d}{section.6.1}% 42
\BOOKMARK [2][-]{subsection.6.1.4}{\376\377\000D\000E\000L\000E\000T\000E\000\040\000/\000t\000a\000s\000k\000s\000/\000i\000d}{section.6.1}% 43
\BOOKMARK [1][-]{section.6.2}{\376\377\000S\000e\000r\000v\000e\000r\000l\000e\000s\000s\000\040\000a\000u\000t\000o\000-\000s\000c\000a\000l\000i\000n\000g}{chapter.6}% 44
\BOOKMARK [2][-]{subsection.6.2.1}{\376\377\000L\000a\000m\000b\000d\000a\000\040\000s\000c\000a\000l\000e\000s\000\040\000f\000r\000o\000m\000\040\0000\000\040\000t\000o\000\040\000N\000:}{section.6.2}% 45
\BOOKMARK [2][-]{subsection.6.2.2}{\376\377\000A\000P\000I\000\040\000G\000a\000t\000e\000w\000a\000y\000\040\000a\000s\000\040\000a\000\040\000N\000a\000t\000i\000v\000e\000\040\000L\000o\000a\000d\000\040\000B\000a\000l\000a\000n\000c\000e\000r\000:}{section.6.2}% 46
\BOOKMARK [2][-]{subsection.6.2.3}{\376\377\000N\000o\000\040\000A\000p\000p\000l\000i\000c\000a\000t\000i\000o\000n\000\040\000L\000o\000a\000d\000\040\000B\000a\000l\000a\000n\000c\000e\000r\000\040\000i\000s\000\040\000n\000e\000e\000d\000e\000d}{section.6.2}% 47
\BOOKMARK [1][-]{section.6.3}{\376\377\000C\000D\000N\000\040\000a\000n\000d\000\040\000O\000A\000C}{chapter.6}% 48
\BOOKMARK [2][-]{subsection.6.3.1}{\376\377\000C\000l\000o\000u\000d\000F\000r\000o\000n\000t\000\040\000C\000a\000c\000h\000i\000n\000g}{section.6.3}% 49
\BOOKMARK [2][-]{subsection.6.3.2}{\376\377\000O\000r\000i\000g\000i\000n\000\040\000A\000c\000c\000e\000s\000s\000\040\000C\000o\000n\000t\000r\000o\000l\000\040\000\050\000O\000A\000C\000\051}{section.6.3}% 50
\BOOKMARK [2][-]{subsection.6.3.3}{\376\377\000P\000r\000i\000v\000a\000t\000e\000\040\000S\0003\000\040\000B\000u\000c\000k\000e\000t\000\040\000v\000s\000\040\000S\000t\000a\000t\000i\000c\000\040\000W\000e\000b\000s\000i\000t\000e\000\040\000H\000o\000s\000t\000i\000n\000g}{section.6.3}% 51
\BOOKMARK [1][-]{section.6.4}{\376\377\000V\000P\000C\000\040\000E\000n\000d\000p\000o\000i\000n\000t}{chapter.6}% 52
\BOOKMARK [2][-]{subsection.6.4.1}{\376\377\000R\000e\000a\000s\000o\000n\000\040\000L\000a\000m\000b\000d\000a\000\040\000i\000n\000s\000i\000d\000e\000\040\000a\000\040\000P\000r\000i\000v\000a\000t\000e\000\040\000S\000u\000b\000n\000e\000t\000\040\000n\000e\000e\000d\000s\000\040\000a\000\040\000V\000P\000C\000\040\000E\000n\000d\000p\000o\000i\000n\000t\000\040\000t\000o\000\040\000r\000e\000a\000c\000h\000\040\000D\000y\000n\000a\000m\000o\000D\000B\000:}{section.6.4}% 53
\BOOKMARK [2][-]{subsection.6.4.2}{\376\377\000T\000h\000e\000\040\000T\000r\000a\000f\000f\000i\000c\000\040\000P\000a\000t\000h\000:}{section.6.4}% 54
\BOOKMARK [2][-]{subsection.6.4.3}{\376\377\000V\000P\000C\000\040\000E\000n\000d\000p\000o\000i\000n\000t\000\040\000v\000s\000\040\000N\000A\000T\000\040\000G\000a\000t\000e\000w\000a\000y}{section.6.4}% 55
\BOOKMARK [0][-]{chapter.7}{\376\377\000S\000o\000u\000r\000c\000e\000\040\000C\000o\000d\000e}{}% 56
